2023-03-07 11:53:35,799 INFO o.a.j.u.JMeterUtils: Setting Locale to en_US
2023-03-07 11:53:35,815 INFO o.a.j.JMeter: Loading user properties from: user.properties
2023-03-07 11:53:35,816 INFO o.a.j.JMeter: Loading system properties from: system.properties
2023-03-07 11:53:35,827 INFO o.a.j.JMeter: Copyright (c) 1998-2022 The Apache Software Foundation
2023-03-07 11:53:35,827 INFO o.a.j.JMeter: Version 5.5
2023-03-07 11:53:35,827 INFO o.a.j.JMeter: java.version=1.8.0_361
2023-03-07 11:53:35,827 INFO o.a.j.JMeter: java.vm.name=Java HotSpot(TM) Client VM
2023-03-07 11:53:35,828 INFO o.a.j.JMeter: os.name=Windows 10
2023-03-07 11:53:35,828 INFO o.a.j.JMeter: os.arch=x86
2023-03-07 11:53:35,828 INFO o.a.j.JMeter: os.version=10.0
2023-03-07 11:53:35,828 INFO o.a.j.JMeter: file.encoding=Cp1252
2023-03-07 11:53:35,828 INFO o.a.j.JMeter: java.awt.headless=null
2023-03-07 11:53:35,828 INFO o.a.j.JMeter: Max memory     =259522560
2023-03-07 11:53:35,828 INFO o.a.j.JMeter: Available Processors =8
2023-03-07 11:53:35,833 INFO o.a.j.JMeter: Default Locale=English (United States)
2023-03-07 11:53:35,834 INFO o.a.j.JMeter: JMeter  Locale=English (United States)
2023-03-07 11:53:35,834 INFO o.a.j.JMeter: JMeterHome=C:\Users\Vadzim_Tuhuzbayeu\OneDrive - EPAM\Projects\ecom-demo\jmeter
2023-03-07 11:53:35,834 INFO o.a.j.JMeter: user.dir  =C:\Users\Vadzim_Tuhuzbayeu\OneDrive - EPAM\Projects\ecom-demo\jmeter\bin
2023-03-07 11:53:35,835 INFO o.a.j.JMeter: PWD       =C:\Users\Vadzim_Tuhuzbayeu\OneDrive - EPAM\Projects\ecom-demo\jmeter\bin
2023-03-07 11:53:35,864 INFO o.a.j.JMeter: IP: 192.168.0.227 Name: EPBYMINW0009 FullName: 192.168.0.227
2023-03-07 11:53:35,894 INFO o.a.j.JMeter: Loaded icon properties from org/apache/jmeter/images/icon.properties
2023-03-07 11:53:36,139 INFO o.a.j.JMeterGuiLauncher: Setting LAF to: laf:com.sun.java.swing.plaf.windows.WindowsLookAndFeel
2023-03-07 11:53:37,779 INFO o.j.r.JARSourceHTTP: Requesting https://jmeter-plugins.org/repo/?installID=windows_10-c544fbfdf7cc3d894716da8df426d983-gui
2023-03-07 11:53:38,709 INFO o.a.j.JMeterGuiLauncher: Loading file: C:\Users\Vadzim_Tuhuzbayeu\OneDrive - EPAM\Projects\ecom-demo\scripts\ecom-demo.jmx
2023-03-07 11:53:38,710 INFO o.a.j.s.FileServer: Default base='C:\Users\Vadzim_Tuhuzbayeu\OneDrive - EPAM\Projects\ecom-demo\jmeter\bin'
2023-03-07 11:53:38,711 INFO o.a.j.s.FileServer: Set new base='C:\Users\Vadzim_Tuhuzbayeu\OneDrive - EPAM\Projects\ecom-demo\scripts'
2023-03-07 11:53:38,848 INFO o.a.j.s.SaveService: Testplan (JMX) version: 2.2. Testlog (JTL) version: 2.2
2023-03-07 11:53:38,864 INFO o.a.j.s.SaveService: Using SaveService properties file encoding UTF-8
2023-03-07 11:53:38,865 INFO o.a.j.s.SaveService: Using SaveService properties version 5.0
2023-03-07 11:53:38,869 INFO o.a.j.s.SaveService: Loading file: C:\Users\Vadzim_Tuhuzbayeu\OneDrive - EPAM\Projects\ecom-demo\scripts\ecom-demo.jmx
2023-03-07 11:53:39,079 INFO o.a.j.p.h.c.CookieManager: Settings: Delete null: true Check: true Allow variable: true Save: false Prefix: COOKIE_
2023-03-07 11:53:39,081 INFO o.a.j.p.h.c.CacheManager: Will only cache the following methods: [GET]
2023-03-07 11:53:39,094 INFO o.a.j.p.h.s.HTTPSamplerBase: Parser for text/html is org.apache.jmeter.protocol.http.parser.LagartoBasedHtmlParser
2023-03-07 11:53:39,094 INFO o.a.j.p.h.s.HTTPSamplerBase: Parser for application/xhtml+xml is org.apache.jmeter.protocol.http.parser.LagartoBasedHtmlParser
2023-03-07 11:53:39,094 INFO o.a.j.p.h.s.HTTPSamplerBase: Parser for application/xml is org.apache.jmeter.protocol.http.parser.LagartoBasedHtmlParser
2023-03-07 11:53:39,094 INFO o.a.j.p.h.s.HTTPSamplerBase: Parser for text/xml is org.apache.jmeter.protocol.http.parser.LagartoBasedHtmlParser
2023-03-07 11:53:39,094 INFO o.a.j.p.h.s.HTTPSamplerBase: Parser for text/vnd.wap.wml is org.apache.jmeter.protocol.http.parser.RegexpHTMLParser
2023-03-07 11:53:39,094 INFO o.a.j.p.h.s.HTTPSamplerBase: Parser for text/css is org.apache.jmeter.protocol.http.parser.CssParser
2023-03-07 11:53:39,309 INFO o.a.j.s.SampleResult: Note: Sample TimeStamps are START times
2023-03-07 11:53:39,309 INFO o.a.j.s.SampleResult: sampleresult.default.encoding is set to ISO-8859-1
2023-03-07 11:53:39,309 INFO o.a.j.s.SampleResult: sampleresult.useNanoTime=true
2023-03-07 11:53:39,309 INFO o.a.j.s.SampleResult: sampleresult.nanoThreadSleep=5000
2023-03-07 11:53:39,405 INFO o.a.j.s.FileServer: Set new base='C:\Users\Vadzim_Tuhuzbayeu\OneDrive - EPAM\Projects\ecom-demo\scripts'
2023-03-07 11:53:39,517 INFO o.a.j.e.u.CompoundVariable: Note: Function class names must contain the string: '.functions.'
2023-03-07 11:53:39,518 INFO o.a.j.e.u.CompoundVariable: Note: Function class names must not contain the string: '.gui.'
2023-03-07 11:53:40,264 INFO o.j.r.PluginManager: Plugins Status: [jpgc-casutg=2.10, jpgc-plugins-manager=1.9, jmeter-core=5.5, jmeter-ftp=5.5, jmeter-http=5.5, jmeter-jdbc=5.5, jmeter-jms=5.5, jmeter-junit=5.5, jmeter-java=5.5, jmeter-ldap=5.5, jmeter-mail=5.5, jmeter-mongodb=5.5, jmeter-native=5.5, jmeter-tcp=5.5, jmeter-components=5.5]
2023-03-07 11:53:40,527 ERROR o.a.j.v.b.BackendListenerGui: Error setting class: 'rocks.nt.apm.jmeter.JMeterInfluxDBBackendListenerClient' in BackendListener: Backend Listener, check for a missing jar in your jmeter 'search_paths' and 'plugin_dependency_paths' properties
2023-03-07 11:53:43,493 INFO o.a.j.g.JMeterUIDefaults: Applying font scale factor: 1.1
2023-03-07 11:53:45,437 INFO o.a.j.g.JMeterUIDefaults: Applying font scale factor: 1.21
